\BOOKMARK [0][-]{section*.1}{\376\377\000D\000e\000c\000l\000a\000r\000a\000t\000i\000o\000n\000\040\000o\000f\000\040\000A\000u\000t\000h\000o\000r\000s\000h\000i\000p}{}% 1
\BOOKMARK [0][-]{section*.2}{\376\377\000A\000b\000s\000t\000r\000a\000c\000t}{}% 2
\BOOKMARK [0][-]{chapter.4}{\376\377\000I\000n\000t\000r\000o\000d\000u\000c\000t\000i\000o\000n}{}% 3
\BOOKMARK [1][-]{section.5}{\376\377\000M\000o\000t\000i\000v\000a\000t\000i\000o\000n}{chapter.4}% 4
\BOOKMARK [1][-]{section.6}{\376\377\000G\000o\000a\000l\000s}{chapter.4}% 5
\BOOKMARK [0][-]{chapter.7}{\376\377\000H\000a\000p\000t\000i\000c\000\040\000S\000e\000a\000r\000c\000h\000\040\000E\000x\000p\000e\000r\000i\000m\000e\000n\000t}{}% 6
\BOOKMARK [1][-]{section.8}{\376\377\000H\000a\000p\000t\000i\000c\000\040\000S\000e\000a\000r\000c\000h\000\040\000E\000x\000p\000e\000r\000i\000m\000e\000n\000t}{chapter.7}% 7
\BOOKMARK [2][-]{subsection.9}{\376\377\000E\000x\000p\000e\000r\000i\000m\000e\000n\000t\000a\000l\000\040\000S\000e\000t\000u\000p}{section.8}% 8
\BOOKMARK [2][-]{subsection.11}{\376\377\000E\000x\000e\000c\000u\000t\000i\000o\000n}{section.8}% 9
\BOOKMARK [1][-]{section.12}{\376\377\000H\000a\000r\000d\000w\000a\000r\000e}{chapter.7}% 10
\BOOKMARK [2][-]{subsection.13}{\376\377\000G\000l\000o\000v\000e}{section.12}% 11
\BOOKMARK [2][-]{subsection.14}{\376\377\000V\000i\000c\000o\000n}{section.12}% 12
\BOOKMARK [2][-]{subsection.15}{\376\377\000S\000e\000t\000t\000i\000n\000g}{section.12}% 13
\BOOKMARK [0][-]{chapter.17}{\376\377\000D\000a\000t\000a\000\040\000G\000e\000n\000e\000r\000a\000t\000i\000o\000n\000\040\000a\000n\000d\000\040\000A\000n\000a\000l\000y\000s\000i\000s}{}% 14
\BOOKMARK [1][-]{section.18}{\376\377\000D\000a\000t\000a\000\040\000S\000t\000r\000u\000c\000t\000u\000r\000e\000\040\000a\000n\000d\000\040\000R\000e\000q\000u\000i\000r\000e\000m\000e\000n\000t\000s}{chapter.17}% 15
\BOOKMARK [1][-]{section.23}{\376\377\000R\000e\000c\000o\000r\000d\000i\000n\000g}{chapter.17}% 16
\BOOKMARK [1][-]{section.24}{\376\377\000P\000o\000s\000t\000p\000r\000o\000c\000e\000s\000s\000i\000n\000g\000\040\000V\000i\000c\000o\000n\000\040\000D\000a\000t\000a}{chapter.17}% 17
\BOOKMARK [1][-]{section.26}{\376\377\000G\000e\000n\000e\000r\000a\000t\000i\000n\000g\000\040\000L\000a\000b\000e\000l\000s}{chapter.17}% 18
\BOOKMARK [2][-]{subsection.30}{\376\377\000S\000y\000n\000c\000h\000r\000o\000n\000i\000z\000i\000n\000g\000\040\000G\000l\000o\000v\000e\000\040\000a\000n\000d\000\040\000V\000i\000c\000o\000n\000\040\000D\000a\000t\000a}{section.26}% 19
\BOOKMARK [2][-]{subsection.31}{\376\377\000R\000e\000p\000r\000e\000s\000e\000n\000t\000i\000n\000g\000\040\000G\000l\000o\000v\000e\000\040\000a\000n\000d\000\040\000O\000b\000j\000e\000c\000t\000s}{section.26}% 20
\BOOKMARK [2][-]{subsection.32}{\376\377\000F\000i\000n\000d\000i\000n\000g\000\040\000L\000a\000b\000e\000l\000s}{section.26}% 21
\BOOKMARK [1][-]{section.34}{\376\377\000A\000n\000a\000l\000y\000z\000i\000n\000g\000\040\000t\000h\000e\000\040\000D\000a\000t\000a}{chapter.17}% 22
\BOOKMARK [0][-]{chapter.36}{\376\377\000E\000v\000a\000l\000u\000a\000t\000i\000o\000n}{}% 23
\BOOKMARK [1][-]{section.37}{\376\377\000A\000p\000p\000r\000o\000a\000c\000h\000e\000s}{chapter.36}% 24
\BOOKMARK [1][-]{section.41}{\376\377\000R\000e\000l\000a\000t\000e\000d\000\040\000W\000o\000r\000k}{chapter.36}% 25
\BOOKMARK [1][-]{section.42}{\376\377\000M\000e\000t\000h\000o\000d\000s}{chapter.36}% 26
\BOOKMARK [2][-]{subsection.43}{\376\377\000N\000o\000t\000a\000t\000i\000o\000n}{section.42}% 27
\BOOKMARK [2][-]{subsection.44}{\376\377\000P\000r\000e\000p\000r\000o\000c\000e\000s\000s\000i\000n\000g\000\040\000a\000n\000d\000\040\000F\000e\000a\000t\000u\000r\000e\000\040\000E\000x\000t\000r\000a\000c\000t\000i\000o\000n}{section.42}% 28
\BOOKMARK [2][-]{subsection.46}{\376\377\000T\000r\000a\000i\000n\000i\000n\000g\000\040\000a\000n\000d\000\040\000V\000a\000l\000i\000d\000a\000t\000i\000o\000n\000\040\000M\000e\000t\000h\000o\000d\000s}{section.42}% 29
\BOOKMARK [1][-]{section.53}{\376\377\000R\000e\000s\000u\000l\000t\000s\000\040\000a\000n\000d\000\040\000D\000i\000s\000c\000u\000s\000s\000i\000o\000n}{chapter.36}% 30
\BOOKMARK [2][-]{subsection.54}{\376\377\000C\000l\000a\000s\000s\000i\000f\000y\000i\000n\000g\000\040\000D\000a\000t\000a\000\040\000i\000n\000t\000o\000\040\000O\000b\000j\000e\000c\000t\000\040\000C\000a\000t\000e\000g\000o\000r\000i\000e\000s}{section.53}% 31
\BOOKMARK [2][-]{subsection.58}{\376\377\000C\000l\000a\000s\000s\000i\000f\000y\000i\000n\000g\000\040\000a\000\040\000S\000i\000n\000g\000l\000e\000\040\000O\000b\000j\000e\000c\000t\000\040\000a\000s\000\040\000E\000i\000t\000h\000e\000r\000\040\000T\000a\000r\000g\000e\000t\000\040\000o\000r\000\040\000D\000i\000s\000t\000r\000a\000c\000t\000o\000r}{section.53}% 32
\BOOKMARK [2][-]{subsection.60}{\376\377\000C\000l\000a\000s\000s\000i\000f\000y\000i\000n\000g\000\040\000w\000h\000o\000l\000e\000\040\000D\000a\000t\000a\000\040\000i\000n\000t\000o\000\040\000R\000o\000l\000e\000s}{section.53}% 33
\BOOKMARK [0][-]{chapter.62}{\376\377\000C\000o\000n\000c\000l\000u\000s\000i\000o\000n}{}% 34
\BOOKMARK [0][-]{appendix.63}{\376\377\000E\000x\000p\000e\000r\000i\000m\000e\000n\000t\000a\000l\000\040\000I\000n\000s\000t\000r\000u\000c\000t\000i\000o\000n\000s}{}% 35
\BOOKMARK [0][-]{appendix*.65}{\376\377\000B\000i\000b\000l\000i\000o\000g\000r\000a\000p\000h\000y}{}% 36
